Shape of AFT samples before mean (samples, snps, timepoints): (2285, 101, 20)
Shape of AFT samples before mean (samples, snps, timepoints): (2373, 101, 20)
Shape of AFT samples before mean (samples, snps, timepoints): (2352, 101, 20)
NEUT shape after mean: (101, 20)
Change shape (101,)
Mean change for each snp in neut:
[0.05901532 0.06612691 0.0640919  0.05726477 0.06019694 0.06643326
 0.0583151  0.06334792 0.0602407  0.0590372  0.06271335 0.06050328
 0.06059081 0.06122538 0.0628884  0.06094092 0.06317287 0.06159737
 0.06126915 0.06584245 0.06102845 0.06006565 0.05851204 0.06045952
 0.06396061 0.05934354 0.06002188 0.06078775 0.06065646 0.06210066
 0.06061269 0.05656455 0.06374179 0.06280088 0.05420131 0.05949672
 0.06332604 0.06343545 0.06067834 0.0602407  0.05888403 0.06065646
 0.06190372 0.06256018 0.06424508 0.05995624 0.05838074 0.06444201
 0.06321663 0.06442013 0.06391685 0.05884026 0.06291028 0.06085339
 0.06483589 0.06249453 0.06214442 0.06026258 0.05844639 0.0628884
 0.0643326  0.06019694 0.06231947 0.06221007 0.06520788 0.06030635
 0.06153173 0.05973742 0.06262582 0.06330416 0.06398249 0.06131291
 0.05868709 0.06334792 0.05956236 0.06006565 0.05737418 0.06199125
 0.06210066 0.05774617 0.06183807 0.0585558  0.06142232 0.06102845
 0.05884026 0.06050328 0.06126915 0.06266958 0.06118162 0.05991247
 0.05665208 0.06242888 0.06137856 0.06310722 0.05921225 0.05945295
 0.05984683 0.0652954  0.05789934 0.06150985 0.06050328]
SOFT shape after mean: (101, 20)
Change shape (101,)
Mean change for each snp in soft:
[0.06797303 0.06491783 0.06727771 0.06860514 0.06904762 0.07216603
 0.06725664 0.06428571 0.06871049 0.0674252  0.06911083 0.06426464
 0.06871049 0.06797303 0.07168142 0.07121787 0.06748841 0.06744627
 0.06915297 0.06986936 0.0657185  0.06613991 0.06708807 0.06755162
 0.06769912 0.06506532 0.07184998 0.07056469 0.06831016 0.06776233
 0.0699115  0.07562158 0.07041719 0.06477033 0.06951117 0.07585335
 0.06704593 0.06942689 0.07092288 0.07324062 0.06691951 0.06772019
 0.06753055 0.06923725 0.06921618 0.07182891 0.0721871  0.07189212
 0.06774126 0.05988201 0.35773283 0.05895491 0.06312684 0.07130215
 0.07288243 0.0770965  0.07448378 0.07385166 0.0759587  0.07163928
 0.07414665 0.07008007 0.07715971 0.0716182  0.07237674 0.07391488
 0.07113359 0.07248209 0.06887906 0.07058576 0.07115466 0.0693426
 0.06858407 0.07056469 0.06645596 0.06911083 0.07043826 0.06822587
 0.07092288 0.0674252  0.06976401 0.06963759 0.067067   0.07284029
 0.0687737  0.06972187 0.06584492 0.06554994 0.06660346 0.07121787
 0.06864728 0.0653603  0.067067   0.0682048  0.06409608 0.06388538
 0.06919511 0.06426464 0.07001686 0.06788875 0.06611884]
HARD shape after mean: (101, 20)
Change shape (101,)
Mean change for each snp in hard:
[0.06883503 0.0703869  0.06779337 0.0701318  0.06783588 0.06286139
 0.06598639 0.06845238 0.06815476 0.06611395 0.06883503 0.07153486
 0.06551871 0.06507228 0.06660289 0.06779337 0.07140731 0.06704932
 0.07183248 0.06566752 0.07102466 0.06777211 0.06381803 0.07240646
 0.06602891 0.06847364 0.06626276 0.07317177 0.07168367 0.06741071
 0.06664541 0.06543367 0.07130102 0.06766582 0.06996173 0.07221514
 0.07040816 0.07028061 0.075      0.06802721 0.07110969 0.07247024
 0.07059949 0.06581633 0.06566752 0.07295918 0.06734694 0.07051446
 0.06974915 0.06341412 0.3673682  0.06915391 0.06894133 0.06811224
 0.06783588 0.07230017 0.06960034 0.07317177 0.0730017  0.0696216
 0.06519983 0.07208759 0.07410714 0.07132228 0.06670918 0.06945153
 0.07127976 0.07149235 0.06653912 0.06826105 0.07321429 0.06664541
 0.06583759 0.0698767  0.0678784  0.06751701 0.06821854 0.06592262
 0.06539116 0.06515731 0.07132228 0.06960034 0.06439201 0.07206633
 0.0661352  0.0647534  0.06775085 0.06466837 0.06683673 0.06719813
 0.06643282 0.0724915  0.06862245 0.06609269 0.06945153 0.0642432
 0.06743197 0.06991922 0.06949405 0.07444728 0.06923895]
