Shape of AFT samples before mean (samples, snps, timepoints): (2285, 25, 20)
Shape of AFT samples before mean (samples, snps, timepoints): (2373, 25, 20)
Shape of AFT samples before mean (samples, snps, timepoints): (2352, 25, 20)
NEUT shape after mean: (25, 20)
Change shape (25,)
Mean change for each snp in neut:
[0.06067834 0.0602407  0.05888403 0.06065646 0.06190372 0.06256018
 0.06424508 0.05995624 0.05838074 0.06444201 0.06321663 0.06442013
 0.06391685 0.05884026 0.06291028 0.06085339 0.06483589 0.06249453
 0.06214442 0.06026258 0.05844639 0.0628884  0.0643326  0.06019694
 0.06231947]
SOFT shape after mean: (25, 20)
Change shape (25,)
Mean change for each snp in soft:
[0.07092288 0.07324062 0.06691951 0.06772019 0.06753055 0.06923725
 0.06921618 0.07182891 0.0721871  0.07189212 0.06774126 0.05988201
 0.35773283 0.05895491 0.06312684 0.07130215 0.07288243 0.0770965
 0.07448378 0.07385166 0.0759587  0.07163928 0.07414665 0.07008007
 0.07715971]
HARD shape after mean: (25, 20)
Change shape (25,)
Mean change for each snp in hard:
[0.075      0.06802721 0.07110969 0.07247024 0.07059949 0.06581633
 0.06566752 0.07295918 0.06734694 0.07051446 0.06974915 0.06341412
 0.3673682  0.06915391 0.06894133 0.06811224 0.06783588 0.07230017
 0.06960034 0.07317177 0.0730017  0.0696216  0.06519983 0.07208759
 0.07410714]
