Shape of AFT samples before mean (samples, snps, timepoints): (2285, 51, 20)
Shape of AFT samples before mean (samples, snps, timepoints): (2373, 51, 20)
Shape of AFT samples before mean (samples, snps, timepoints): (2352, 51, 20)
NEUT shape after mean: (51, 20)
Change shape (51,)
Mean change for each snp in neut:
[0.05934354 0.06002188 0.06078775 0.06065646 0.06210066 0.06061269
 0.05656455 0.06374179 0.06280088 0.05420131 0.05949672 0.06332604
 0.06343545 0.06067834 0.0602407  0.05888403 0.06065646 0.06190372
 0.06256018 0.06424508 0.05995624 0.05838074 0.06444201 0.06321663
 0.06442013 0.06391685 0.05884026 0.06291028 0.06085339 0.06483589
 0.06249453 0.06214442 0.06026258 0.05844639 0.0628884  0.0643326
 0.06019694 0.06231947 0.06221007 0.06520788 0.06030635 0.06153173
 0.05973742 0.06262582 0.06330416 0.06398249 0.06131291 0.05868709
 0.06334792 0.05956236 0.06006565]
SOFT shape after mean: (51, 20)
Change shape (51,)
Mean change for each snp in soft:
[0.06506532 0.07184998 0.07056469 0.06831016 0.06776233 0.0699115
 0.07562158 0.07041719 0.06477033 0.06951117 0.07585335 0.06704593
 0.06942689 0.07092288 0.07324062 0.06691951 0.06772019 0.06753055
 0.06923725 0.06921618 0.07182891 0.0721871  0.07189212 0.06774126
 0.05988201 0.35773283 0.05895491 0.06312684 0.07130215 0.07288243
 0.0770965  0.07448378 0.07385166 0.0759587  0.07163928 0.07414665
 0.07008007 0.07715971 0.0716182  0.07237674 0.07391488 0.07113359
 0.07248209 0.06887906 0.07058576 0.07115466 0.0693426  0.06858407
 0.07056469 0.06645596 0.06911083]
HARD shape after mean: (51, 20)
Change shape (51,)
Mean change for each snp in hard:
[0.06847364 0.06626276 0.07317177 0.07168367 0.06741071 0.06664541
 0.06543367 0.07130102 0.06766582 0.06996173 0.07221514 0.07040816
 0.07028061 0.075      0.06802721 0.07110969 0.07247024 0.07059949
 0.06581633 0.06566752 0.07295918 0.06734694 0.07051446 0.06974915
 0.06341412 0.3673682  0.06915391 0.06894133 0.06811224 0.06783588
 0.07230017 0.06960034 0.07317177 0.0730017  0.0696216  0.06519983
 0.07208759 0.07410714 0.07132228 0.06670918 0.06945153 0.07127976
 0.07149235 0.06653912 0.06826105 0.07321429 0.06664541 0.06583759
 0.0698767  0.0678784  0.06751701]
